<?xml version="1.0" encoding="UTF-8"?>
<!-- Generated by org.testng.reporters.JUnitXMLReporter -->
<testsuite hostname="LAPTOP-3G7QSEJK" ignored="0" name="run script" tests="5" failures="1" timestamp="21 Dec 2023 07:26:35 GMT" time="36.924" errors="0">
  <testcase name="createPostTest" time="0.031" classname="com.bw.testcases.ScriptTest">
    <skipped/>
  </testcase> <!-- createPostTest -->
  <testcase name="createPostTest" time="0.031" classname="com.bw.testcases.ScriptTest">
    <skipped/>
  </testcase> <!-- createPostTest -->
  <testcase name="createPostTest" time="0.025" classname="com.bw.testcases.ScriptTest">
    <skipped/>
  </testcase> <!-- createPostTest -->
  <testcase name="createPostTest" time="0.027" classname="com.bw.testcases.ScriptTest">
    <failure type="java.lang.IllegalArgumentException" message="Keys to send should be a not null CharSequence">
      <![CDATA[java.lang.IllegalArgumentException: Keys to send should be a not null CharSequence
	at org.openqa.selenium.remote.RemoteWebElement.sendKeys(RemoteWebElement.java:97)
	at org.openqa.selenium.support.pagefactory.internal.LocatingElementHandler.invoke(LocatingElementHandler.java:51)
	at com.sun.proxy.$Proxy12.sendKeys(Unknown Source)
	at com.bw.qa.util.TestUtil.doSendKeys(TestUtil.java:27)
	at com.bw.qa.pages.LoginPage.login(LoginPage.java:27)
	at com.bw.testcases.ScriptTest.createPostTest(ScriptTest.java:31)
... Removed 33 stack frames]]>
    </failure>
  </testcase> <!-- createPostTest -->
  <testcase name="loginTest" time="10.554" classname="com.bw.testcases.ScriptTest"/>
</testsuite> <!-- run script -->
